Fetching DES00* directory list...
#=O#- #                                                                                                                                                                                                                    0.5%###                                                                                                         3.1%###############                                                                                            14.3%#############################################################                                              58.7%######################################################################################################### 100.0%
Scraping .fits/.fz files from each tile...
  → DES0000-0207/
  → DES0000+0209/
  → DES0000-0250/
  → DES0000+0252/
  → DES0000-0333/
  → DES0000+0335/
  → DES0000-0416/
  → DES0000+0418/
  → DES0000-3540/
  → DES0000-3623/
  → DES0000-3706/
  → DES0000-4748/
  → DES0000-4831/
  → DES0000-5248/
  → DES0000-5622/
  → DES0000-5914/
  → DES0001-0458/
  → DES0001-0541/
  → DES0001-0624/
  → DES0001-3457/
  → DES0001-4914/
  → DES0001-4957/
  → DES0001-5331/
  → DES0001-5705/
  → DES0001-6205/
  → DES0001-6414/
  → DES0002+0001/
  → DES0002-0041/
  → DES0002+0043/
  → DES0002-0124/
  → DES0002+0126/
  → DES0002-0207/
  → DES0002+0209/
  → DES0002-3332/
  → DES0002-3415/
  → DES0002-3914/
  → DES0002-3957/
  → DES0002-4040/
  → DES0002-4123/
  → DES0002-4206/
  → DES0002-4249/
  → DES0002-4331/
  → DES0002-4414/
  → DES0002-5040/
  → DES0002-5414/
  → DES0002-5957/
  → DES0003-0250/
  → DES0003+0252/
  → DES0003-0333/
  → DES0003+0335/
  → DES0003-0416/
  → DES0003+0418/
  → DES0003-0458/
  → DES0003+0500/
  → DES0003-3249/
  → DES0003-3706/
  → DES0003-3749/
  → DES0003-3832/
  → DES0003-4457/
  → DES0003-4540/
  → DES0003-4623/
  → DES0003-4706/
  → DES0003-5123/
  → DES0003-5205/
  → DES0003-5457/
  → DES0003-5748/
  → DES0003-6039/
  → DES0003-6248/
  → DES0003-6456/
  → DES0004-0541/
  → DES0004-0624/
  → DES0004-3457/
  → DES0004-3540/
  → DES0004-3623/
  → DES0004-4748/
  → DES0004-4831/
  → DES0004-5248/
  → DES0004-5540/
  → DES0004-5831/
  → DES0005+0001/
  → DES0005-0041/
  → DES0005+0043/
  → DES0005-0124/
  → DES0005+0126/
  → DES0005-0207/
  → DES0005+0209/
  → DES0005-0250/
  → DES0005+0252/
  → DES0005-0707/
  → DES0005-3415/
  → DES0005-4914/
  → DES0005-5331/
  → DES0005-5622/
  → DES0005-6122/
  → DES0005-6331/
  → DES0006-0333/
  → DES0006+0335/
  → DES0006-0416/
  → DES0006+0418/
  → DES0006-0458/
  → DES0006+0500/
  → DES0006-3249/
  → DES0006-3332/
  → DES0006-3832/
  → DES0006-3914/
  → DES0006-3957/
  → DES0006-4040/
  → DES0006-4123/
  → DES0006-4206/
  → DES0006-4249/
  → DES0006-4331/
  → DES0006-4414/
  → DES0006-4957/
  → DES0006-5040/
  → DES0006-5414/
  → DES0006-5705/
  → DES0006-5914/
  → DES0007-0541/
  → DES0007-0624/
  → DES0007-3123/
  → DES0007-3206/
  → DES0007-3623/
  → DES0007-3706/
  → DES0007-3749/
  → DES0007-4457/
  → DES0007-4540/
  → DES0007-4623/
  → DES0007-5123/
  → DES0007-5957/
  → DES0007-6205/
  → DES0008+0001/
  → DES0008-0041/
  → DES0008+0043/
  → DES0008-0124/
  → DES0008+0126/
  → DES0008-0207/
  → DES0008+0209/
  → DES0008-0250/
  → DES0008+0252/
  → DES0008-3040/
  → DES0008-3415/
  → DES0008-3457/
  → DES0008-3540/
  → DES0008-4706/
  → DES0008-4748/
  → DES0008-5205/
  → DES0008-5457/
  → DES0008-5748/
  → DES0008-6414/
  → DES0009-0333/
  → DES0009+0335/
  → DES0009-0416/
  → DES0009+0418/
  → DES0009-0458/
  → DES0009+0500/
  → DES0009-2958/
  → DES0009-3249/
  → DES0009-3332/
  → DES0009-4831/
  → DES0009-4914/
  → DES0009-5248/
  → DES0009-5540/
  → DES0009-5831/
  → DES0009-6039/
  → DES0009-6248/
  → DES0010-0541/
  → DES0010-0624/
  → DES0010-3206/
  → DES0010-3706/
  → DES0010-3749/
  → DES0010-3832/
  → DES0010-3914/
  → DES0010-3957/
  → DES0010-4040/
  → DES0010-4123/
  → DES0010-4206/
  → DES0010-4249/
  → DES0010-4331/
  → DES0010-4414/
  → DES0010-4957/
  → DES0010-5331/
  → DES0010-5622/
  → DES0010-6456/
  → DES0011+0001/
  → DES0011-0041/
  → DES0011+0043/
  → DES0011-0124/
  → DES0011+0126/
  → DES0011-0207/
  → DES0011+0209/
  → DES0011-0250/
  → DES0011+0252/
  → DES0011-0333/
  → DES0011+0335/
  → DES0011-3040/
  → DES0011-3123/
  → DES0011-3457/
  → DES0011-3540/
  → DES0011-3623/
  → DES0011-4457/
  → DES0011-4540/
  → DES0011-4623/
  → DES0011-5040/
  → DES0011-5414/
  → DES0011-5914/
  → DES0011-6122/
  → DES0012-0416/
  → DES0012+0418/
  → DES0012-0458/
  → DES0012+0500/
  → DES0012-0541/
  → DES0012-2958/
  → DES0012-3332/
  → DES0012-3415/
  → DES0012-4706/
  → DES0012-4748/
  → DES0012-5123/
  → DES0012-5705/
  → DES0012-6331/
  → DES0013-0624/
  → DES0013-2915/
  → DES0013-3206/
  → DES0013-3249/
  → DES0013-3914/
  → DES0013-3957/
  → DES0013-4040/
  → DES0013-4123/
  → DES0013-4831/
  → DES0013-5205/
  → DES0013-5457/
  → DES0013-5748/
  → DES0013-5957/
  → DES0013-6205/
  → DES0014+0001/
  → DES0014-0041/
  → DES0014+0043/
  → DES0014-0124/
  → DES0014+0126/
  → DES0014-0207/
  → DES0014+0209/
  → DES0014-0250/
  → DES0014+0252/
  → DES0014-0333/
  → DES0014+0335/
  → DES0014-2832/
  → DES0014-3123/
  → DES0014-3623/
  → DES0014-3706/
  → DES0014-3749/
  → DES0014-3832/
  → DES0014-4206/
  → DES0014-4249/
  → DES0014-4331/
  → DES0014-4414/
  → DES0014-4914/
  → DES0014-5248/
  → DES0014-5540/
  → DES0014-6414/
  → DES0015-0416/
  → DES0015+0418/
  → DES0015-0458/
  → DES0015+0500/
  → DES0015-0541/
  → DES0015-2958/
  → DES0015-3040/
  → DES0015-3415/
  → DES0015-3457/
  → DES0015-3540/
  → DES0015-4457/
  → DES0015-4540/
  → DES0015-4957/
  → DES0015-5040/
  → DES0015-5331/
  → DES0015-5622/
  → DES0015-5831/
  → DES0015-6039/
  → DES0016+0001/
  → DES0016-0041/
  → DES0016+0043/
  → DES0016-0624/
  → DES0016-0707/
  → DES0016-2706/
  → DES0016-2915/
  → DES0016-3249/
  → DES0016-3332/
  → DES0016-4623/
  → DES0016-4706/
  → DES0016-5123/
  → DES0016-5414/
  → DES0016-6248/
  → DES0017-0124/
  → DES0017+0126/
  → DES0017-0207/
  → DES0017+0209/
  → DES0017-0250/
  → DES0017+0252/
  → DES0017-0333/
  → DES0017+0335/
  → DES0017-0416/
  → DES0017+0418/
  → DES0017-2832/
  → DES0017-3123/
  → DES0017-3206/
  → DES0017-3749/
  → DES0017-3832/
  → DES0017-3914/
  → DES0017-3957/
  → DES0017-4040/
  → DES0017-4123/
  → DES0017-4206/
  → DES0017-4748/
  → DES0017-4831/
  → DES0017-5205/
  → DES0017-5705/
  → DES0017-5914/
  → DES0017-6122/
  → DES0017-6456/
  → DES0018-0458/
  → DES0018+0500/
  → DES0018-0541/
  → DES0018-2749/
  → DES0018-3040/
  → DES0018-3457/
  → DES0018-3540/
  → DES0018-3623/
  → DES0018-3706/
  → DES0018-4249/
  → DES0018-4331/
  → DES0018-4414/
  → DES0018-4914/
  → DES0018-5457/
  → DES0018-6331/
  → DES0019+0001/
  → DES0019-0041/
  → DES0019+0043/
  → DES0019-0124/
  → DES0019+0126/
  → DES0019-0624/
  → DES0019-2706/
  → DES0019-2958/
  → DES0019-3332/
  → DES0019-3415/
  → DES0019-4457/
  → DES0019-4540/
  → DES0019-4957/
  → DES0019-5248/
  → DES0019-5540/
  → DES0019-5748/
  → DES0019-5957/
  → DES0019-6205/
  → DES0020-0207/
  → DES0020+0209/
  → DES0020-0250/
  → DES0020+0252/
  → DES0020-0333/
  → DES0020+0335/
  → DES0020-0416/
  → DES0020+0418/
  → DES0020-2623/
  → DES0020-2832/
  → DES0020-2915/
  → DES0020-3206/
  → DES0020-3249/
  → DES0020-4623/
  → DES0020-4706/
  → DES0020-5040/
  → DES0020-5331/
  → DES0020-5831/
  → DES0021-0458/
  → DES0021+0500/
  → DES0021-0541/
  → DES0021-2541/
  → DES0021-2749/
  → DES0021-3040/
  → DES0021-3123/
  → DES0021-3623/
  → DES0021-3706/
  → DES0021-3749/
  → DES0021-3832/
  → DES0021-3914/
  → DES0021-3957/
  → DES0021-4040/
  → DES0021-4123/
  → DES0021-4206/
  → DES0021-4748/
  → DES0021-5123/
  → DES0021-5414/
  → DES0021-5622/
  → DES0021-6039/
  → DES0021-6414/
  → DES0022+0001/
  → DES0022-0041/
  → DES0022+0043/
  → DES0022-0124/
  → DES0022+0126/
  → DES0022-0207/
  → DES0022+0209/
  → DES0022-0624/
  → DES0022-2706/
  → DES0022-2958/
  → DES0022-3415/
  → DES0022-3457/
  → DES0022-3540/
  → DES0022-4249/
  → DES0022-4331/
  → DES0022-4414/
  → DES0022-4831/
  → DES0022-5205/
  → DES0022-5705/
  → DES0022-5914/
  → DES0022-6248/
  → DES0023-0250/
  → DES0023+0252/
  → DES0023-0333/
  → DES0023+0335/
  → DES0023-0416/
  → DES0023+0418/
  → DES0023-2623/
  → DES0023-2915/
  → DES0023-3249/
  → DES0023-3332/
  → DES0023-4457/
  → DES0023-4540/
  → DES0023-4914/
  → DES0023-4957/
  → DES0023-5248/
  → DES0023-5457/
  → DES0023-6122/
  → DES0024-0458/
  → DES0024+0500/
  → DES0024-0541/
  → DES0024-0624/
  → DES0024-2541/
  → DES0024-2749/
  → DES0024-2832/
  → DES0024-3123/
  → DES0024-3206/
  → DES0024-4623/
  → DES0024-4706/
  → DES0024-5040/
  → DES0024-5540/
  → DES0024-5748/
  → DES0024-5957/
  → DES0024-6456/
  → DES0025+0001/
  → DES0025-0041/
  → DES0025+0043/
  → DES0025-0124/
  → DES0025+0126/
  → DES0025-0207/
  → DES0025+0209/
  → DES0025-0250/
  → DES0025+0252/
  → DES0025-2458/
  → DES0025-2706/
  → DES0025-2958/
  → DES0025-3040/
  → DES0025-3457/
  → DES0025-3540/
  → DES0025-3623/
  → DES0025-3706/
  → DES0025-3749/
  → DES0025-3832/
  → DES0025-3914/
  → DES0025-3957/
  → DES0025-4040/
  → DES0025-4123/
  → DES0025-4206/
  → DES0025-4249/
  → DES0025-4748/
  → DES0025-5331/
  → DES0025-6331/
  → DES0026-0333/
  → DES0026+0335/
  → DES0026-0416/
  → DES0026+0418/
  → DES0026-0458/
  → DES0026+0500/
  → DES0026-2415/
  → DES0026-2623/
  → DES0026-2915/
  → DES0026-3249/
  → DES0026-3332/
  → DES0026-3415/
  → DES0026-4331/
  → DES0026-4414/
  → DES0026-4831/
  → DES0026-5123/
  → DES0026-5414/
  → DES0026-5622/
  → DES0026-5831/
  → DES0026-6205/
  → DES0027-0541/
  → DES0027-0624/
  → DES0027-2332/
  → DES0027-2541/
  → DES0027-2832/
  → DES0027-3123/
  → DES0027-3206/
  → DES0027-4457/
  → DES0027-4540/
  → DES0027-4914/
  → DES0027-5205/
  → DES0027-5457/
  → DES0027-5705/
  → DES0027-6039/
  → DES0027-6414/
  → DES0027-6539/
  → DES0028+0001/
  → DES0028-0041/
  → DES0028+0043/
  → DES0028-0124/
  → DES0028+0126/
  → DES0028-0207/
  → DES0028+0209/
  → DES0028-0250/
  → DES0028+0252/
  → DES0028-0707/
  → DES0028-2458/
  → DES0028-2706/
  → DES0028-2749/
  → DES0028-3040/
  → DES0028-3623/
  → DES0028-3706/
  → DES0028-3749/
  → DES0028-3832/
  → DES0028-3914/
  → DES0028-3957/
  → DES0028-4040/
  → DES0028-4623/
  → DES0028-4957/
  → DES0028-5248/
  → DES0028-5914/
  → DES0028-6248/
  → DES0029-0333/
  → DES0029+0335/
  → DES0029-0416/
  → DES0029+0418/
  → DES0029-0458/
  → DES0029+0500/
  → DES0029-2415/
  → DES0029-2623/
  → DES0029-2915/
  → DES0029-2958/
  → DES0029-3332/
  → DES0029-3415/
  → DES0029-3457/
  → DES0029-3540/
  → DES0029-4123/
  → DES0029-4206/
  → DES0029-4249/
  → DES0029-4706/
  → DES0029-4748/
  → DES0029-5040/
  → DES0029-5331/
  → DES0029-5540/
  → DES0029-5748/
  → DES0029-6122/
  → DES0030-0541/
  → DES0030-0624/
  → DES0030-2332/
  → DES0030-2541/
  → DES0030-2832/
  → DES0030-3206/
  → DES0030-3249/
  → DES0030-4331/
  → DES0030-4414/
  → DES0030-4831/
  → DES0030-5123/
  → DES0030-5957/
  → DES0030-6456/
  → DES0031+0001/
  → DES0031-0041/
  → DES0031+0043/
  → DES0031-0124/
  → DES0031+0126/
  → DES0031-0207/
  → DES0031+0209/
  → DES0031-0250/
  → DES0031+0252/
  → DES0031-0333/
  → DES0031+0335/
  → DES0031-0707/
  → DES0031-2249/
  → DES0031-2458/
  → DES0031-2749/
  → DES0031-3040/
  → DES0031-3123/
  → DES0031-4457/
  → DES0031-4540/
  → DES0031-4914/
  → DES0031-5205/
  → DES0031-5414/
  → DES0031-5622/
  → DES0031-5831/
  → DES0031-6331/
  → DES0032-0416/
  → DES0032+0418/
  → DES0032-0458/
  → DES0032+0500/
  → DES0032-2206/
  → DES0032-2415/
  → DES0032-2623/
  → DES0032-2706/
  → DES0032-2958/
  → DES0032-3457/
  → DES0032-3540/
  → DES0032-3623/
  → DES0032-3706/
  → DES0032-3749/
  → DES0032-3832/
  → DES0032-3914/
  → DES0032-3957/
  → DES0032-4040/
  → DES0032-4623/
  → DES0032-4957/
  → DES0032-5457/
  → DES0032-6205/
  → DES0033-0541/
  → DES0033-0624/
  → DES0033-2332/
  → DES0033-2541/
  → DES0033-2832/
  → DES0033-2915/
  → DES0033-3249/
  → DES0033-3332/
  → DES0033-3415/
  → DES0033-4123/
  → DES0033-4206/
  → DES0033-4249/
  → DES0033-4706/
  → DES0033-5040/
  → DES0033-5248/
  → DES0033-5705/
  → DES0033-6039/
  → DES0034+0001/
  → DES0034-0041/
  → DES0034+0043/
  → DES0034-0124/
  → DES0034+0126/
  → DES0034-0207/
  → DES0034+0209/
  → DES0034-0250/
  → DES0034+0252/
  → DES0034-0333/
  → DES0034+0335/
  → DES0034-2124/
  → DES0034-2249/
  → DES0034-2458/
  → DES0034-2749/
  → DES0034-3123/
  → DES0034-3206/
  → DES0034-4331/
  → DES0034-4414/
  → DES0034-4748/
  → DES0034-5331/
  → DES0034-5540/
  → DES0034-5914/
  → DES0034-6248/
  → DES0034-6414/
  → DES0034-6539/
  → DES0035-0416/
  → DES0035+0418/
  → DES0035-0458/
  → DES0035+0500/
  → DES0035-0541/
  → DES0035-2041/
  → DES0035-2415/
  → DES0035-2706/
  → DES0035-2958/
  → DES0035-3040/
  → DES0035-3706/
  → DES0035-3749/
  → DES0035-3832/
  → DES0035-4457/
  → DES0035-4540/
  → DES0035-4831/
  → DES0035-5123/
  → DES0035-5748/
  → DES0035-6122/
  → DES0036+0001/
  → DES0036-0041/
  → DES0036+0043/
  → DES0036-0624/
  → DES0036-2206/
  → DES0036-2332/
  → DES0036-2623/
  → DES0036-2915/
  → DES0036-3332/
  → DES0036-3415/
  → DES0036-3457/
  → DES0036-3540/
  → DES0036-3623/
  → DES0036-3914/
  → DES0036-3957/
  → DES0036-4040/
  → DES0036-4123/
  → DES0036-4623/
  → DES0036-4914/
  → DES0036-5205/
  → DES0036-5414/
  → DES0036-5622/
  → DES0036-5957/
  → DES0037-0124/
  → DES0037+0126/
  → DES0037-0207/
  → DES0037+0209/
  → DES0037-0250/
  → DES0037+0252/
  → DES0037-0333/
  → DES0037+0335/
  → DES0037-0416/
  → DES0037+0418/
  → DES0037-2124/
  → DES0037-2249/
  → DES0037-2458/
  → DES0037-2541/
  → DES0037-2749/
  → DES0037-2832/
  → DES0037-3206/
  → DES0037-3249/
  → DES0037-4206/
  → DES0037-4249/
  → DES0037-4706/
  → DES0037-4957/
  → DES0037-5248/
  → DES0037-5457/
  → DES0037-5831/
  → DES0037-6331/
  → DES0037-6456/
  → DES0038-0458/
  → DES0038+0500/
  → DES0038-0541/
  → DES0038-2041/
  → DES0038-2415/
  → DES0038-2706/
  → DES0038-3040/
  → DES0038-3123/
  → DES0038-4331/
  → DES0038-4414/
  → DES0038-4748/
  → DES0038-5040/
  → DES0038-5705/
  → DES0038-6039/
  → DES0038-6205/
  → DES0039+0001/
  → DES0039-0041/
  → DES0039+0043/
  → DES0039-0124/
  → DES0039+0126/
  → DES0039-0624/
  → DES0039-1958/
  → DES0039-2206/
  → DES0039-2623/
  → DES0039-2915/
  → DES0039-2958/
  → DES0039-3457/
  → DES0039-3540/
  → DES0039-3623/
  → DES0039-3706/
  → DES0039-3749/
  → DES0039-3832/
  → DES0039-3914/
  → DES0039-4457/
  → DES0039-4831/
  → DES0039-5123/
  → DES0039-5331/
  → DES0039-5540/
  → DES0039-5914/
  → DES0040-0207/
  → DES0040+0209/
  → DES0040-0250/
  → DES0040+0252/
  → DES0040-0333/
  → DES0040+0335/
  → DES0040-0416/
  → DES0040+0418/
  → DES0040-2124/
  → DES0040-2332/
  → DES0040-2541/
  → DES0040-2832/
  → DES0040-3206/
  → DES0040-3249/
  → DES0040-3332/
  → DES0040-3415/
  → DES0040-3957/
  → DES0040-4040/
  → DES0040-4123/
  → DES0040-4540/
  → DES0040-4623/
  → DES0040-4914/
  → DES0040-5748/
  → DES0040-6414/
  → DES0041-0458/
  → DES0041+0500/
  → DES0041-0541/
  → DES0041-1915/
  → DES0041-2041/
  → DES0041-2249/
  → DES0041-2458/
  → DES0041-2706/
  → DES0041-2749/
  → DES0041-3040/
  → DES0041-3123/
  → DES0041-4206/
  → DES0041-4249/
  → DES0041-4706/
  → DES0041-4957/
  → DES0041-5205/
  → DES0041-5414/
  → DES0041-5622/
  → DES0041-6122/
  → DES0041-6248/
  → DES0042+0001/
  → DES0042-0041/
  → DES0042+0043/
  → DES0042-0124/
  → DES0042+0126/
  → DES0042-0207/
  → DES0042+0209/
  → DES0042-0624/
  → DES0042-0707/
  → DES0042-1958/
  → DES0042-2206/
  → DES0042-2415/
  → DES0042-2623/
  → DES0042-2915/
  → DES0042-2958/
  → DES0042-4331/
  → DES0042-4414/
  → DES0042-4748/
  → DES0042-5040/
  → DES0042-5248/
  → DES0042-5457/
  → DES0042-5831/
  → DES0042-5957/
  → DES0043-0250/
  → DES0043+0252/
  → DES0043-0333/
  → DES0043+0335/
  → DES0043-0416/
  → DES0043+0418/
  → DES0043-2124/
  → DES0043-2332/
  → DES0043-2541/
  → DES0043-2832/
  → DES0043-3249/
  → DES0043-3332/
  → DES0043-3415/
  → DES0043-3457/
  → DES0043-3540/
  → DES0043-3623/
  → DES0043-3706/
  → DES0043-3749/
  → DES0043-3832/
  → DES0043-3914/
  → DES0043-3957/
  → DES0043-4457/
  → DES0043-4831/
  → DES0043-5705/
  → DES0044-0458/
  → DES0044+0500/
  → DES0044-0541/
  → DES0044-1915/
  → DES0044-2041/
  → DES0044-2249/
  → DES0044-2458/
  → DES0044-2706/
  → DES0044-2749/
  → DES0044-3123/
  → DES0044-3206/
  → DES0044-4040/
  → DES0044-4123/
  → DES0044-4206/
  → DES0044-4540/
  → DES0044-4623/
  → DES0044-4914/
  → DES0044-5123/
  → DES0044-5331/
  → DES0044-5540/
  → DES0044-6039/
  → DES0044-6205/
  → DES0044-6331/
  → DES0044-6456/
  → DES0045+0001/
  → DES0045-0041/
  → DES0045+0043/
  → DES0045-0124/
  → DES0045+0126/
  → DES0045-0207/
  → DES0045+0209/
  → DES0045-0250/
  → DES0045+0252/
  → DES0045-0624/
  → DES0045-1958/
  → DES0045-2206/
  → DES0045-2415/
  → DES0045-2623/
  → DES0045-2958/
  → DES0045-3040/
  → DES0045-4249/
  → DES0045-4331/
  → DES0045-4706/
  → DES0045-5205/
  → DES0045-5748/
  → DES0045-5914/
  → DES0046-0333/
  → DES0046+0335/
  → DES0046-0416/
  → DES0046+0418/
  → DES0046-0458/
  → DES0046+0500/
  → DES0046-2124/
  → DES0046-2332/
  → DES0046-2541/
  → DES0046-2832/
  → DES0046-2915/
  → DES0046-3415/
  → DES0046-3457/
  → DES0046-3540/
  → DES0046-3623/
  → DES0046-3706/
  → DES0046-3749/
  → DES0046-3832/
  → DES0046-4414/
  → DES0046-4748/
  → DES0046-4957/
  → DES0046-5414/
  → DES0046-5622/
  → DES0047-0541/
  → DES0047-0624/
  → DES0047-1915/
  → DES0047-2041/
  → DES0047-2249/
  → DES0047-2458/
  → DES0047-2749/
  → DES0047-3206/
  → DES0047-3249/
  → DES0047-3332/
  → DES0047-3914/
  → DES0047-3957/
  → DES0047-4040/
  → DES0047-4457/
  → DES0047-5040/
  → DES0047-5248/
  → DES0047-5457/
  → DES0047-5957/
  → DES0047-6122/
  → DES0047-6248/
  → DES0047-6414/
  → DES0048+0001/
  → DES0048-0041/
  → DES0048+0043/
  → DES0048-0124/
  → DES0048+0126/
  → DES0048-0207/
  → DES0048+0209/
  → DES0048-0250/
  → DES0048+0252/
  → DES0048-1832/
  → DES0048-1958/
  → DES0048-2206/
  → DES0048-2415/
  → DES0048-2623/
  → DES0048-2706/
  → DES0048-2958/
  → DES0048-3040/
  → DES0048-3123/
  → DES0048-4123/
  → DES0048-4206/
  → DES0048-4540/
  → DES0048-4831/
  → DES0048-5123/
  → DES0048-5705/
  → DES0048-5831/
  → DES0049-0333/
  → DES0049+0335/
  → DES0049-0416/
  → DES0049+0418/
  → DES0049-0458/
  → DES0049+0500/
  → DES0049-1749/
  → DES0049-2124/
  → DES0049-2332/
  → DES0049-2541/
  → DES0049-2915/
  → DES0049-4249/
  → DES0049-4331/
  → DES0049-4623/
  → DES0049-4914/
  → DES0049-5331/
  → DES0049-5540/
  → DES0050-0541/
  → DES0050-0624/
  → DES0050-1915/
  → DES0050-2041/
  → DES0050-2249/
  → DES0050-2458/
  → DES0050-2749/
  → DES0050-2832/
  → DES0050-3249/
  → DES0050-3332/
  → DES0050-3415/
  → DES0050-3457/
  → DES0050-3540/
  → DES0050-3623/
  → DES0050-3706/
  → DES0050-3749/
  → DES0050-3832/
  → DES0050-3914/
  → DES0050-4414/
  → DES0050-4706/
  → DES0050-4957/
  → DES0050-5205/
  → DES0050-5414/
  → DES0050-5914/
  → DES0050-6039/
  → DES0050-6205/
  → DES0050-6331/
  → DES0051+0001/
  → DES0051-0041/
  → DES0051+0043/
  → DES0051-0124/
  → DES0051+0126/
  → DES0051-0207/
  → DES0051+0209/
  → DES0051-0250/
  → DES0051+0252/
  → DES0051-0333/
  → DES0051+0335/
  → DES0051-1832/
  → DES0051-1958/
  → DES0051-2206/
  → DES0051-2415/
  → DES0051-2706/
  → DES0051-3040/
  → DES0051-3123/
  → DES0051-3206/
  → DES0051-3957/
  → DES0051-4040/
  → DES0051-4457/
  → DES0051-4748/
  → DES0051-5040/
  → DES0051-5622/
  → DES0051-5748/
  → DES0051-6456/
  → DES0052-0416/
  → DES0052+0418/
  → DES0052-0458/
  → DES0052+0500/
  → DES0052-1749/
  → DES0052-2124/
  → DES0052-2332/
  → DES0052-2541/
  → DES0052-2623/
  → DES0052-2915/
  → DES0052-2958/
  → DES0052-4123/
  → DES0052-4206/
  → DES0052-4540/
  → DES0052-4831/
  → DES0052-5248/
  → DES0052-5457/
  → DES0053-0541/
  → DES0053-0624/
  → DES0053-1915/
  → DES0053-2041/
  → DES0053-2249/
  → DES0053-2458/
  → DES0053-2749/
  → DES0053-2832/
  → DES0053-3332/
  → DES0053-3415/
  → DES0053-3457/
  → DES0053-3540/
  → DES0053-3623/
  → DES0053-3706/
  → DES0053-4249/
  → DES0053-4331/
  → DES0053-4623/
  → DES0053-4914/
  → DES0053-5123/
  → DES0053-5331/
  → DES0053-5831/
  → DES0053-5957/
  → DES0053-6122/
  → DES0053-6248/
  → DES0054+0001/
  → DES0054-0041/
  → DES0054+0043/
  → DES0054-0124/
  → DES0054+0126/
  → DES0054-0207/
  → DES0054+0209/
  → DES0054-0250/
  → DES0054+0252/
  → DES0054-0333/
  → DES0054+0335/
  → DES0054-1707/
  → DES0054-1832/
  → DES0054-1958/
  → DES0054-2206/
  → DES0054-2415/
  → DES0054-2706/
  → DES0054-3123/
  → DES0054-3206/
  → DES0054-3249/
  → DES0054-3749/
  → DES0054-3832/
  → DES0054-3914/
  → DES0054-3957/
  → DES0054-4414/
  → DES0054-4706/
  → DES0054-5540/
  → DES0054-5705/
  → DES0054-6414/
  → DES0054-6539/
  → DES0055-0416/
  → DES0055+0418/
  → DES0055-0458/
  → DES0055+0500/
  → DES0055-1624/
  → DES0055-1749/
  → DES0055-2124/
  → DES0055-2332/
  → DES0055-2623/
  → DES0055-2958/
  → DES0055-3040/
  → DES0055-4040/
  → DES0055-4123/
  → DES0055-4457/
  → DES0055-4748/
  → DES0055-4957/
  → DES0055-5205/
  → DES0055-5414/
  → DES0056+0001/
  → DES0056-0041/
  → DES0056+0043/
  → DES0056-0541/
  → DES0056-0624/
  → DES0056-1915/
  → DES0056-2041/
  → DES0056-2249/
  → DES0056-2458/
  → DES0056-2541/
  → DES0056-2832/
  → DES0056-2915/
  → DES0056-4206/
  → DES0056-4540/
  → DES0056-4831/
  → DES0056-5040/
  → DES0056-5248/
  → DES0056-5748/
  → DES0056-5914/
  → DES0056-6039/
  → DES0056-6205/
  → DES0057-0124/
  → DES0057+0126/
  → DES0057-0207/
  → DES0057+0209/
  → DES0057-0250/
  → DES0057+0252/
  → DES0057-0333/
  → DES0057+0335/
  → DES0057-0707/
  → DES0057-1707/
  → DES0057-1832/
  → DES0057-2206/
  → DES0057-2415/
  → DES0057-2706/
  → DES0057-2749/
  → DES0057-3206/
  → DES0057-3249/
  → DES0057-3332/
  → DES0057-3415/
  → DES0057-3457/
  → DES0057-3540/
  → DES0057-3623/
  → DES0057-3706/
  → DES0057-3749/
  → DES0057-3832/
  → DES0057-4249/
  → DES0057-4331/
  → DES0057-4623/
  → DES0057-5457/
  → DES0057-5622/
  → DES0057-6331/
  → DES0057-6456/
  → DES0058-0416/
  → DES0058+0418/
  → DES0058-0458/
  → DES0058+0500/
  → DES0058-0541/
  → DES0058-1624/
  → DES0058-1749/
  → DES0058-1958/
  → DES0058-2124/
  → DES0058-2332/
  → DES0058-2623/
  → DES0058-2958/
  → DES0058-3040/
  → DES0058-3123/
  → DES0058-3914/
  → DES0058-3957/
  → DES0058-4414/
  → DES0058-4706/
  → DES0058-4914/
  → DES0058-5123/
  → DES0058-5331/
  → DES0059+0001/
  → DES0059-0041/
  → DES0059+0043/
  → DES0059-0124/
  → DES0059+0126/
  → DES0059-0624/
  → DES0059-1915/
  → DES0059-2041/
  → DES0059-2249/
  → DES0059-2541/
  → DES0059-2832/
  → DES0059-2915/
  → DES0059-4040/
  → DES0059-4123/
  → DES0059-4457/
  → DES0059-4748/
  → DES0059-4957/
  → DES0059-5205/
  → DES0059-5540/
  → DES0059-5705/
  → DES0059-5831/
  → DES0059-5957/
  → DES0059-6122/
  → DES0059-6248/
Starting downloads...
  ↓ DES0000-0207/DES0000-0207_dr2_flux.fits
  ↓ DES0000-0207/DES0000-0207_dr2_magnitude.fits
  ↓ DES0000-0207/DES0000-0207_dr2_main.fits
  ↓ DES0000-0207/DES0000-0207_r4907p01_Y.fits.fz
  ↓ DES0000-0207/DES0000-0207_r4907p01_Y_nobkg.fits.fz
  ↓ DES0000-0207/DES0000-0207_r4907p01_det.fits.fz
  ↓ DES0000-0207/DES0000-0207_r4907p01_g.fits.fz
  ↓ DES0000-0207/DES0000-0207_r4907p01_g_nobkg.fits.fz
  ↓ DES0000-0207/DES0000-0207_r4907p01_i.fits.fz
  ↓ DES0000-0207/DES0000-0207_r4907p01_i_nobkg.fits.fz
  ↓ DES0000-0207/DES0000-0207_r4907p01_r.fits.fz
  ↓ DES0000-0207/DES0000-0207_r4907p01_r_nobkg.fits.fz
  ↓ DES0000-0207/DES0000-0207_r4907p01_z.fits.fz
  ↓ DES0000-0207/DES0000-0207_r4907p01_z_nobkg.fits.fz
  ↓ DES0000+0209/DES0000+0209_dr2_flux.fits
  ↓ DES0000+0209/DES0000+0209_dr2_magnitude.fits
  ↓ DES0000+0209/DES0000+0209_dr2_main.fits
  ↓ DES0000+0209/DES0000+0209_r4907p01_Y.fits.fz
  ↓ DES0000+0209/DES0000+0209_r4907p01_Y_nobkg.fits.fz
  ↓ DES0000+0209/DES0000+0209_r4907p01_det.fits.fz
  ↓ DES0000+0209/DES0000+0209_r4907p01_g.fits.fz
  ↓ DES0000+0209/DES0000+0209_r4907p01_g_nobkg.fits.fz
  ↓ DES0000+0209/DES0000+0209_r4907p01_i.fits.fz
  ↓ DES0000+0209/DES0000+0209_r4907p01_i_nobkg.fits.fz
  ↓ DES0000+0209/DES0000+0209_r4907p01_r.fits.fz
  ↓ DES0000+0209/DES0000+0209_r4907p01_r_nobkg.fits.fz
  ↓ DES0000+0209/DES0000+0209_r4907p01_z.fits.fz
  ↓ DES0000+0209/DES0000+0209_r4907p01_z_nobkg.fits.fz
  ↓ DES0000-0250/DES0000-0250_dr2_flux.fits
  ↓ DES0000-0250/DES0000-0250_dr2_magnitude.fits
  ↓ DES0000-0250/DES0000-0250_dr2_main.fits
  ↓ DES0000-0250/DES0000-0250_r4907p01_Y.fits.fz
  ↓ DES0000-0250/DES0000-0250_r4907p01_Y_nobkg.fits.fz
  ↓ DES0000-0250/DES0000-0250_r4907p01_det.fits.fz
  ↓ DES0000-0250/DES0000-0250_r4907p01_g.fits.fz
  ↓ DES0000-0250/DES0000-0250_r4907p01_g_nobkg.fits.fz
  ↓ DES0000-0250/DES0000-0250_r4907p01_i.fits.fz
  ↓ DES0000-0250/DES0000-0250_r4907p01_i_nobkg.fits.fz
  ↓ DES0000-0250/DES0000-0250_r4907p01_r.fits.fz
  ↓ DES0000-0250/DES0000-0250_r4907p01_r_nobkg.fits.fz
  ↓ DES0000-0250/DES0000-0250_r4907p01_z.fits.fz
  ↓ DES0000-0250/DES0000-0250_r4907p01_z_nobkg.fits.fz
  ↓ DES0000+0252/DES0000+0252_dr2_flux.fits
  ↓ DES0000+0252/DES0000+0252_dr2_magnitude.fits
  ↓ DES0000+0252/DES0000+0252_dr2_main.fits
  ↓ DES0000+0252/DES0000+0252_r4907p01_Y.fits.fz
  ↓ DES0000+0252/DES0000+0252_r4907p01_Y_nobkg.fits.fz
  ↓ DES0000+0252/DES0000+0252_r4907p01_det.fits.fz
  ↓ DES0000+0252/DES0000+0252_r4907p01_g.fits.fz
  ↓ DES0000+0252/DES0000+0252_r4907p01_g_nobkg.fits.fz
  ↓ DES0000+0252/DES0000+0252_r4907p01_i.fits.fz
  ↓ DES0000+0252/DES0000+0252_r4907p01_i_nobkg.fits.fz
  ↓ DES0000+0252/DES0000+0252_r4907p01_r.fits.fz
  ↓ DES0000+0252/DES0000+0252_r4907p01_r_nobkg.fits.fz
  ↓ DES0000+0252/DES0000+0252_r4907p01_z.fits.fz
  ↓ DES0000+0252/DES0000+0252_r4907p01_z_nobkg.fits.fz
  ↓ DES0000-0333/DES0000-0333_dr2_flux.fits
  ↓ DES0000-0333/DES0000-0333_dr2_magnitude.fits
  ↓ DES0000-0333/DES0000-0333_dr2_main.fits
  ↓ DES0000-0333/DES0000-0333_r4907p01_Y.fits.fz
  ↓ DES0000-0333/DES0000-0333_r4907p01_Y_nobkg.fits.fz
  ↓ DES0000-0333/DES0000-0333_r4907p01_det.fits.fz
  ↓ DES0000-0333/DES0000-0333_r4907p01_g.fits.fz
  ↓ DES0000-0333/DES0000-0333_r4907p01_g_nobkg.fits.fz
  ↓ DES0000-0333/DES0000-0333_r4907p01_i.fits.fz
  ↓ DES0000-0333/DES0000-0333_r4907p01_i_nobkg.fits.fz
  ↓ DES0000-0333/DES0000-0333_r4907p01_r.fits.fz
  ↓ DES0000-0333/DES0000-0333_r4907p01_r_nobkg.fits.fz
  ↓ DES0000-0333/DES0000-0333_r4907p01_z.fits.fz
  ↓ DES0000-0333/DES0000-0333_r4907p01_z_nobkg.fits.fz
  ↓ DES0000+0335/DES0000+0335_dr2_flux.fits
  ↓ DES0000+0335/DES0000+0335_dr2_magnitude.fits
  ↓ DES0000+0335/DES0000+0335_dr2_main.fits
  ↓ DES0000+0335/DES0000+0335_r4907p01_Y.fits.fz
  ↓ DES0000+0335/DES0000+0335_r4907p01_Y_nobkg.fits.fz
  ↓ DES0000+0335/DES0000+0335_r4907p01_det.fits.fz
  ↓ DES0000+0335/DES0000+0335_r4907p01_g.fits.fz
  ↓ DES0000+0335/DES0000+0335_r4907p01_g_nobkg.fits.fz
  ↓ DES0000+0335/DES0000+0335_r4907p01_i.fits.fz
  ↓ DES0000+0335/DES0000+0335_r4907p01_i_nobkg.fits.fz
  ↓ DES0000+0335/DES0000+0335_r4907p01_r.fits.fz
  ↓ DES0000+0335/DES0000+0335_r4907p01_r_nobkg.fits.fz
  ↓ DES0000+0335/DES0000+0335_r4907p01_z.fits.fz
  ↓ DES0000+0335/DES0000+0335_r4907p01_z_nobkg.fits.fz
  ↓ DES0000-0416/DES0000-0416_dr2_flux.fits
  ↓ DES0000-0416/DES0000-0416_dr2_magnitude.fits
  ↓ DES0000-0416/DES0000-0416_dr2_main.fits
  ↓ DES0000-0416/DES0000-0416_r4907p01_Y.fits.fz
  ↓ DES0000-0416/DES0000-0416_r4907p01_Y_nobkg.fits.fz
  ↓ DES0000-0416/DES0000-0416_r4907p01_det.fits.fz
  ↓ DES0000-0416/DES0000-0416_r4907p01_g.fits.fz
  ↓ DES0000-0416/DES0000-0416_r4907p01_g_nobkg.fits.fz
  ↓ DES0000-0416/DES0000-0416_r4907p01_i.fits.fz
  ↓ DES0000-0416/DES0000-0416_r4907p01_i_nobkg.fits.fz
  ↓ DES0000-0416/DES0000-0416_r4907p01_r.fits.fz
  ↓ DES0000-0416/DES0000-0416_r4907p01_r_nobkg.fits.fz
  ↓ DES0000-0416/DES0000-0416_r4907p01_z.fits.fz
  ↓ DES0000-0416/DES0000-0416_r4907p01_z_nobkg.fits.fz
  ↓ DES0000+0418/DES0000+0418_dr2_flux.fits
  ↓ DES0000+0418/DES0000+0418_dr2_magnitude.fits
  ↓ DES0000+0418/DES0000+0418_dr2_main.fits
  ↓ DES0000+0418/DES0000+0418_r4907p01_Y.fits.fz
  ↓ DES0000+0418/DES0000+0418_r4907p01_Y_nobkg.fits.fz
  ↓ DES0000+0418/DES0000+0418_r4907p01_det.fits.fz
  ↓ DES0000+0418/DES0000+0418_r4907p01_g.fits.fz
  ↓ DES0000+0418/DES0000+0418_r4907p01_g_nobkg.fits.fz
  ↓ DES0000+0418/DES0000+0418_r4907p01_i.fits.fz
  ↓ DES0000+0418/DES0000+0418_r4907p01_i_nobkg.fits.fz
  ↓ DES0000+0418/DES0000+0418_r4907p01_r.fits.fz
  ↓ DES0000+0418/DES0000+0418_r4907p01_r_nobkg.fits.fz
  ↓ DES0000+0418/DES0000+0418_r4907p01_z.fits.fz
  ↓ DES0000+0418/DES0000+0418_r4907p01_z_nobkg.fits.fz
  ↓ DES0000-3540/DES0000-3540_dr2_flux.fits
  ↓ DES0000-3540/DES0000-3540_dr2_magnitude.fits
  ↓ DES0000-3540/DES0000-3540_dr2_main.fits
  ↓ DES0000-3540/DES0000-3540_r4907p01_Y.fits.fz
  ↓ DES0000-3540/DES0000-3540_r4907p01_Y_nobkg.fits.fz
  ↓ DES0000-3540/DES0000-3540_r4907p01_det.fits.fz
  ↓ DES0000-3540/DES0000-3540_r4907p01_g.fits.fz
  ↓ DES0000-3540/DES0000-3540_r4907p01_g_nobkg.fits.fz
  ↓ DES0000-3540/DES0000-3540_r4907p01_i.fits.fz
  ↓ DES0000-3540/DES0000-3540_r4907p01_i_nobkg.fits.fz
  ↓ DES0000-3540/DES0000-3540_r4907p01_r.fits.fz
  ↓ DES0000-3540/DES0000-3540_r4907p01_r_nobkg.fits.fz
  ↓ DES0000-3540/DES0000-3540_r4907p01_z.fits.fz
  ↓ DES0000-3540/DES0000-3540_r4907p01_z_nobkg.fits.fz
  ↓ DES0000-3623/DES0000-3623_dr2_flux.fits
  ↓ DES0000-3623/DES0000-3623_dr2_magnitude.fits
  ↓ DES0000-3623/DES0000-3623_dr2_main.fits
  ↓ DES0000-3623/DES0000-3623_r4907p01_Y.fits.fz
  ↓ DES0000-3623/DES0000-3623_r4907p01_Y_nobkg.fits.fz
  ↓ DES0000-3623/DES0000-3623_r4907p01_det.fits.fz
  ↓ DES0000-3623/DES0000-3623_r4907p01_g.fits.fz
  ↓ DES0000-3623/DES0000-3623_r4907p01_g_nobkg.fits.fz
  ↓ DES0000-3623/DES0000-3623_r4907p01_i.fits.fz
  ↓ DES0000-3623/DES0000-3623_r4907p01_i_nobkg.fits.fz
  ↓ DES0000-3623/DES0000-3623_r4907p01_r.fits.fz
  ↓ DES0000-3623/DES0000-3623_r4907p01_r_nobkg.fits.fz
  ↓ DES0000-3623/DES0000-3623_r4907p01_z.fits.fz
  ↓ DES0000-3623/DES0000-3623_r4907p01_z_nobkg.fits.fz
  ↓ DES0000-3706/DES0000-3706_dr2_flux.fits
  ↓ DES0000-3706/DES0000-3706_dr2_magnitude.fits
  ↓ DES0000-3706/DES0000-3706_dr2_main.fits
  ↓ DES0000-3706/DES0000-3706_r4907p01_Y.fits.fz
  ↓ DES0000-3706/DES0000-3706_r4907p01_Y_nobkg.fits.fz
  ↓ DES0000-3706/DES0000-3706_r4907p01_det.fits.fz
  ↓ DES0000-3706/DES0000-3706_r4907p01_g.fits.fz
  ↓ DES0000-3706/DES0000-3706_r4907p01_g_nobkg.fits.fz
  ↓ DES0000-3706/DES0000-3706_r4907p01_i.fits.fz
  ↓ DES0000-3706/DES0000-3706_r4907p01_i_nobkg.fits.fz
  ↓ DES0000-3706/DES0000-3706_r4907p01_r.fits.fz
  ↓ DES0000-3706/DES0000-3706_r4907p01_r_nobkg.fits.fz
  ↓ DES0000-3706/DES0000-3706_r4907p01_z.fits.fz
  ↓ DES0000-3706/DES0000-3706_r4907p01_z_nobkg.fits.fz
  ↓ DES0000-4748/DES0000-4748_dr2_flux.fits
  ↓ DES0000-4748/DES0000-4748_dr2_magnitude.fits
  ↓ DES0000-4748/DES0000-4748_dr2_main.fits
  ↓ DES0000-4748/DES0000-4748_r4907p01_Y.fits.fz
  ↓ DES0000-4748/DES0000-4748_r4907p01_Y_nobkg.fits.fz
  ↓ DES0000-4748/DES0000-4748_r4907p01_det.fits.fz
  ↓ DES0000-4748/DES0000-4748_r4907p01_g.fits.fz
  ↓ DES0000-4748/DES0000-4748_r4907p01_g_nobkg.fits.fz
  ↓ DES0000-4748/DES0000-4748_r4907p01_i.fits.fz
  ↓ DES0000-4748/DES0000-4748_r4907p01_i_nobkg.fits.fz
  ↓ DES0000-4748/DES0000-4748_r4907p01_r.fits.fz
  ↓ DES0000-4748/DES0000-4748_r4907p01_r_nobkg.fits.fz
  ↓ DES0000-4748/DES0000-4748_r4907p01_z.fits.fz
  ↓ DES0000-4748/DES0000-4748_r4907p01_z_nobkg.fits.fz
  ↓ DES0000-4831/DES0000-4831_dr2_flux.fits
  ↓ DES0000-4831/DES0000-4831_dr2_magnitude.fits
  ↓ DES0000-4831/DES0000-4831_dr2_main.fits
  ↓ DES0000-4831/DES0000-4831_r4907p01_Y.fits.fz
  ↓ DES0000-4831/DES0000-4831_r4907p01_Y_nobkg.fits.fz
  ↓ DES0000-4831/DES0000-4831_r4907p01_det.fits.fz
  ↓ DES0000-4831/DES0000-4831_r4907p01_g.fits.fz
  ↓ DES0000-4831/DES0000-4831_r4907p01_g_nobkg.fits.fz
  ↓ DES0000-4831/DES0000-4831_r4907p01_i.fits.fz
  ↓ DES0000-4831/DES0000-4831_r4907p01_i_nobkg.fits.fz
  ↓ DES0000-4831/DES0000-4831_r4907p01_r.fits.fz
  ↓ DES0000-4831/DES0000-4831_r4907p01_r_nobkg.fits.fz
  ↓ DES0000-4831/DES0000-4831_r4907p01_z.fits.fz
  ↓ DES0000-4831/DES0000-4831_r4907p01_z_nobkg.fits.fz
  ↓ DES0000-5248/DES0000-5248_dr2_flux.fits
  ↓ DES0000-5248/DES0000-5248_dr2_magnitude.fits
  ↓ DES0000-5248/DES0000-5248_dr2_main.fits
  ↓ DES0000-5248/DES0000-5248_r4907p01_Y.fits.fz
  ↓ DES0000-5248/DES0000-5248_r4907p01_Y_nobkg.fits.fz
  ↓ DES0000-5248/DES0000-5248_r4907p01_det.fits.fz
  ↓ DES0000-5248/DES0000-5248_r4907p01_g.fits.fz
  ↓ DES0000-5248/DES0000-5248_r4907p01_g_nobkg.fits.fz
  ↓ DES0000-5248/DES0000-5248_r4907p01_i.fits.fz
  ↓ DES0000-5248/DES0000-5248_r4907p01_i_nobkg.fits.fz
  ↓ DES0000-5248/DES0000-5248_r4907p01_r.fits.fz
  ↓ DES0000-5248/DES0000-5248_r4907p01_r_nobkg.fits.fz
  ↓ DES0000-5248/DES0000-5248_r4907p01_z.fits.fz
  ↓ DES0000-5248/DES0000-5248_r4907p01_z_nobkg.fits.fz
  ↓ DES0000-5622/DES0000-5622_dr2_flux.fits
  ↓ DES0000-5622/DES0000-5622_dr2_magnitude.fits
  ↓ DES0000-5622/DES0000-5622_dr2_main.fits
  ↓ DES0000-5622/DES0000-5622_r4907p01_Y.fits.fz
  ↓ DES0000-5622/DES0000-5622_r4907p01_Y_nobkg.fits.fz
  ↓ DES0000-5622/DES0000-5622_r4907p01_det.fits.fz
  ↓ DES0000-5622/DES0000-5622_r4907p01_g.fits.fz
  ↓ DES0000-5622/DES0000-5622_r4907p01_g_nobkg.fits.fz
  ↓ DES0000-5622/DES0000-5622_r4907p01_i.fits.fz
  ↓ DES0000-5622/DES0000-5622_r4907p01_i_nobkg.fits.fz
  ↓ DES0000-5622/DES0000-5622_r4907p01_r.fits.fz
  ↓ DES0000-5622/DES0000-5622_r4907p01_r_nobkg.fits.fz
  ↓ DES0000-5622/DES0000-5622_r4907p01_z.fits.fz
  ↓ DES0000-5622/DES0000-5622_r4907p01_z_nobkg.fits.fz
  ↓ DES0000-5914/DES0000-5914_dr2_flux.fits
  ↓ DES0000-5914/DES0000-5914_dr2_magnitude.fits
  ↓ DES0000-5914/DES0000-5914_dr2_main.fits
  ↓ DES0000-5914/DES0000-5914_r4907p01_Y.fits.fz
  ↓ DES0000-5914/DES0000-5914_r4907p01_Y_nobkg.fits.fz
  ↓ DES0000-5914/DES0000-5914_r4907p01_det.fits.fz
  ↓ DES0000-5914/DES0000-5914_r4907p01_g.fits.fz
  ↓ DES0000-5914/DES0000-5914_r4907p01_g_nobkg.fits.fz
  ↓ DES0000-5914/DES0000-5914_r4907p01_i.fits.fz
  ↓ DES0000-5914/DES0000-5914_r4907p01_i_nobkg.fits.fz
  ↓ DES0000-5914/DES0000-5914_r4907p01_r.fits.fz
  ↓ DES0000-5914/DES0000-5914_r4907p01_r_nobkg.fits.fz
  ↓ DES0000-5914/DES0000-5914_r4907p01_z.fits.fz
  ↓ DES0000-5914/DES0000-5914_r4907p01_z_nobkg.fits.fz
  ↓ DES0001-0458/DES0001-0458_dr2_flux.fits
  ↓ DES0001-0458/DES0001-0458_dr2_magnitude.fits
  ↓ DES0001-0458/DES0001-0458_dr2_main.fits
  ↓ DES0001-0458/DES0001-0458_r4907p01_Y.fits.fz
  ↓ DES0001-0458/DES0001-0458_r4907p01_Y_nobkg.fits.fz
  ↓ DES0001-0458/DES0001-0458_r4907p01_det.fits.fz
  ↓ DES0001-0458/DES0001-0458_r4907p01_g.fits.fz
  ↓ DES0001-0458/DES0001-0458_r4907p01_g_nobkg.fits.fz
  ↓ DES0001-0458/DES0001-0458_r4907p01_i.fits.fz
  ↓ DES0001-0458/DES0001-0458_r4907p01_i_nobkg.fits.fz
  ↓ DES0001-0458/DES0001-0458_r4907p01_r.fits.fz
  ↓ DES0001-0458/DES0001-0458_r4907p01_r_nobkg.fits.fz
  ↓ DES0001-0458/DES0001-0458_r4907p01_z.fits.fz
  ↓ DES0001-0458/DES0001-0458_r4907p01_z_nobkg.fits.fz
  ↓ DES0001-0541/DES0001-0541_dr2_flux.fits
  ↓ DES0001-0541/DES0001-0541_dr2_magnitude.fits
  ↓ DES0001-0541/DES0001-0541_dr2_main.fits
  ↓ DES0001-0541/DES0001-0541_r4907p01_Y.fits.fz
  ↓ DES0001-0541/DES0001-0541_r4907p01_Y_nobkg.fits.fz
  ↓ DES0001-0541/DES0001-0541_r4907p01_det.fits.fz
  ↓ DES0001-0541/DES0001-0541_r4907p01_g.fits.fz
  ↓ DES0001-0541/DES0001-0541_r4907p01_g_nobkg.fits.fz
  ↓ DES0001-0541/DES0001-0541_r4907p01_i.fits.fz
  ↓ DES0001-0541/DES0001-0541_r4907p01_i_nobkg.fits.fz
  ↓ DES0001-0541/DES0001-0541_r4907p01_r.fits.fz
  ↓ DES0001-0541/DES0001-0541_r4907p01_r_nobkg.fits.fz
  ↓ DES0001-0541/DES0001-0541_r4907p01_z.fits.fz
  ↓ DES0001-0541/DES0001-0541_r4907p01_z_nobkg.fits.fz
  ↓ DES0001-0624/DES0001-0624_dr2_flux.fits
  ↓ DES0001-0624/DES0001-0624_dr2_magnitude.fits
  ↓ DES0001-0624/DES0001-0624_dr2_main.fits
  ↓ DES0001-0624/DES0001-0624_r4907p01_Y.fits.fz
  ↓ DES0001-0624/DES0001-0624_r4907p01_Y_nobkg.fits.fz
  ↓ DES0001-0624/DES0001-0624_r4907p01_det.fits.fz
  ↓ DES0001-0624/DES0001-0624_r4907p01_g.fits.fz
  ↓ DES0001-0624/DES0001-0624_r4907p01_g_nobkg.fits.fz
  ↓ DES0001-0624/DES0001-0624_r4907p01_i.fits.fz
  ↓ DES0001-0624/DES0001-0624_r4907p01_i_nobkg.fits.fz
  ↓ DES0001-0624/DES0001-0624_r4907p01_r.fits.fz
  ↓ DES0001-0624/DES0001-0624_r4907p01_r_nobkg.fits.fz
  ↓ DES0001-0624/DES0001-0624_r4907p01_z.fits.fz
  ↓ DES0001-0624/DES0001-0624_r4907p01_z_nobkg.fits.fz
  ↓ DES0001-3457/DES0001-3457_dr2_flux.fits
  ↓ DES0001-3457/DES0001-3457_dr2_magnitude.fits
  ↓ DES0001-3457/DES0001-3457_dr2_main.fits
  ↓ DES0001-3457/DES0001-3457_r4907p01_Y.fits.fz
  ↓ DES0001-3457/DES0001-3457_r4907p01_Y_nobkg.fits.fz
  ↓ DES0001-3457/DES0001-3457_r4907p01_det.fits.fz
  ↓ DES0001-3457/DES0001-3457_r4907p01_g.fits.fz
  ↓ DES0001-3457/DES0001-3457_r4907p01_g_nobkg.fits.fz
  ↓ DES0001-3457/DES0001-3457_r4907p01_i.fits.fz
  ↓ DES0001-3457/DES0001-3457_r4907p01_i_nobkg.fits.fz
  ↓ DES0001-3457/DES0001-3457_r4907p01_r.fits.fz
  ↓ DES0001-3457/DES0001-3457_r4907p01_r_nobkg.fits.fz
  ↓ DES0001-3457/DES0001-3457_r4907p01_z.fits.fz
  ↓ DES0001-3457/DES0001-3457_r4907p01_z_nobkg.fits.fz
  ↓ DES0001-4914/DES0001-4914_dr2_flux.fits
  ↓ DES0001-4914/DES0001-4914_dr2_magnitude.fits
  ↓ DES0001-4914/DES0001-4914_dr2_main.fits
  ↓ DES0001-4914/DES0001-4914_r4907p01_Y.fits.fz
  ↓ DES0001-4914/DES0001-4914_r4907p01_Y_nobkg.fits.fz
  ↓ DES0001-4914/DES0001-4914_r4907p01_det.fits.fz
  ↓ DES0001-4914/DES0001-4914_r4907p01_g.fits.fz
  ↓ DES0001-4914/DES0001-4914_r4907p01_g_nobkg.fits.fz
  ↓ DES0001-4914/DES0001-4914_r4907p01_i.fits.fz
  ↓ DES0001-4914/DES0001-4914_r4907p01_i_nobkg.fits.fz
  ↓ DES0001-4914/DES0001-4914_r4907p01_r.fits.fz
  ↓ DES0001-4914/DES0001-4914_r4907p01_r_nobkg.fits.fz
  ↓ DES0001-4914/DES0001-4914_r4907p01_z.fits.fz
  ↓ DES0001-4914/DES0001-4914_r4907p01_z_nobkg.fits.fz
  ↓ DES0001-4957/DES0001-4957_dr2_flux.fits
  ↓ DES0001-4957/DES0001-4957_dr2_magnitude.fits
  ↓ DES0001-4957/DES0001-4957_dr2_main.fits
  ↓ DES0001-4957/DES0001-4957_r4907p01_Y.fits.fz
  ↓ DES0001-4957/DES0001-4957_r4907p01_Y_nobkg.fits.fz
  ↓ DES0001-4957/DES0001-4957_r4907p01_det.fits.fz
  ↓ DES0001-4957/DES0001-4957_r4907p01_g.fits.fz
  ↓ DES0001-4957/DES0001-4957_r4907p01_g_nobkg.fits.fz
  ↓ DES0001-4957/DES0001-4957_r4907p01_i.fits.fz
  ↓ DES0001-4957/DES0001-4957_r4907p01_i_nobkg.fits.fz
  ↓ DES0001-4957/DES0001-4957_r4907p01_r.fits.fz
  ↓ DES0001-4957/DES0001-4957_r4907p01_r_nobkg.fits.fz
  ↓ DES0001-4957/DES0001-4957_r4907p01_z.fits.fz
  ↓ DES0001-4957/DES0001-4957_r4907p01_z_nobkg.fits.fz
  ↓ DES0001-5331/DES0001-5331_dr2_flux.fits
  ↓ DES0001-5331/DES0001-5331_dr2_magnitude.fits
  ↓ DES0001-5331/DES0001-5331_dr2_main.fits
  ↓ DES0001-5331/DES0001-5331_r4907p01_Y.fits.fz
  ↓ DES0001-5331/DES0001-5331_r4907p01_Y_nobkg.fits.fz
  ↓ DES0001-5331/DES0001-5331_r4907p01_det.fits.fz
  ↓ DES0001-5331/DES0001-5331_r4907p01_g.fits.fz
  ↓ DES0001-5331/DES0001-5331_r4907p01_g_nobkg.fits.fz
  ↓ DES0001-5331/DES0001-5331_r4907p01_i.fits.fz
  ↓ DES0001-5331/DES0001-5331_r4907p01_i_nobkg.fits.fz
  ↓ DES0001-5331/DES0001-5331_r4907p01_r.fits.fz
  ↓ DES0001-5331/DES0001-5331_r4907p01_r_nobkg.fits.fz
  ↓ DES0001-5331/DES0001-5331_r4907p01_z.fits.fz
  ↓ DES0001-5331/DES0001-5331_r4907p01_z_nobkg.fits.fz
  ↓ DES0001-5705/DES0001-5705_dr2_flux.fits
  ↓ DES0001-5705/DES0001-5705_dr2_magnitude.fits
  ↓ DES0001-5705/DES0001-5705_dr2_main.fits
  ↓ DES0001-5705/DES0001-5705_r4907p01_Y.fits.fz
  ↓ DES0001-5705/DES0001-5705_r4907p01_Y_nobkg.fits.fz
  ↓ DES0001-5705/DES0001-5705_r4907p01_det.fits.fz
  ↓ DES0001-5705/DES0001-5705_r4907p01_g.fits.fz
  ↓ DES0001-5705/DES0001-5705_r4907p01_g_nobkg.fits.fz
  ↓ DES0001-5705/DES0001-5705_r4907p01_i.fits.fz
  ↓ DES0001-5705/DES0001-5705_r4907p01_i_nobkg.fits.fz
  ↓ DES0001-5705/DES0001-5705_r4907p01_r.fits.fz
  ↓ DES0001-5705/DES0001-5705_r4907p01_r_nobkg.fits.fz
  ↓ DES0001-5705/DES0001-5705_r4907p01_z.fits.fz
  ↓ DES0001-5705/DES0001-5705_r4907p01_z_nobkg.fits.fz
  ↓ DES0001-6205/DES0001-6205_dr2_flux.fits
  ↓ DES0001-6205/DES0001-6205_dr2_magnitude.fits
  ↓ DES0001-6205/DES0001-6205_dr2_main.fits
  ↓ DES0001-6205/DES0001-6205_r4907p01_Y.fits.fz
  ↓ DES0001-6205/DES0001-6205_r4907p01_Y_nobkg.fits.fz
  ↓ DES0001-6205/DES0001-6205_r4907p01_det.fits.fz
  ↓ DES0001-6205/DES0001-6205_r4907p01_g.fits.fz
  ↓ DES0001-6205/DES0001-6205_r4907p01_g_nobkg.fits.fz
  ↓ DES0001-6205/DES0001-6205_r4907p01_i.fits.fz
  ↓ DES0001-6205/DES0001-6205_r4907p01_i_nobkg.fits.fz
  ↓ DES0001-6205/DES0001-6205_r4907p01_r.fits.fz
  ↓ DES0001-6205/DES0001-6205_r4907p01_r_nobkg.fits.fz
  ↓ DES0001-6205/DES0001-6205_r4907p01_z.fits.fz
  ↓ DES0001-6205/DES0001-6205_r4907p01_z_nobkg.fits.fz
  ↓ DES0001-6414/DES0001-6414_dr2_flux.fits
  ↓ DES0001-6414/DES0001-6414_dr2_magnitude.fits
  ↓ DES0001-6414/DES0001-6414_dr2_main.fits
  ↓ DES0001-6414/DES0001-6414_r4907p01_Y.fits.fz
  ↓ DES0001-6414/DES0001-6414_r4907p01_Y_nobkg.fits.fz
  ↓ DES0001-6414/DES0001-6414_r4907p01_det.fits.fz
  ↓ DES0001-6414/DES0001-6414_r4907p01_g.fits.fz
  ↓ DES0001-6414/DES0001-6414_r4907p01_g_nobkg.fits.fz
  ↓ DES0001-6414/DES0001-6414_r4907p01_i.fits.fz
  ↓ DES0001-6414/DES0001-6414_r4907p01_i_nobkg.fits.fz
  ↓ DES0001-6414/DES0001-6414_r4907p01_r.fits.fz
  ↓ DES0001-6414/DES0001-6414_r4907p01_r_nobkg.fits.fz
  ↓ DES0001-6414/DES0001-6414_r4907p01_z.fits.fz
  ↓ DES0001-6414/DES0001-6414_r4907p01_z_nobkg.fits.fz
  ↓ DES0002+0001/DES0002+0001_dr2_flux.fits
  ↓ DES0002+0001/DES0002+0001_dr2_magnitude.fits
  ↓ DES0002+0001/DES0002+0001_dr2_main.fits
  ↓ DES0002+0001/DES0002+0001_r4907p01_Y.fits.fz
  ↓ DES0002+0001/DES0002+0001_r4907p01_Y_nobkg.fits.fz
  ↓ DES0002+0001/DES0002+0001_r4907p01_det.fits.fz
  ↓ DES0002+0001/DES0002+0001_r4907p01_g.fits.fz
  ↓ DES0002+0001/DES0002+0001_r4907p01_g_nobkg.fits.fz
  ↓ DES0002+0001/DES0002+0001_r4907p01_i.fits.fz
  ↓ DES0002+0001/DES0002+0001_r4907p01_i_nobkg.fits.fz
  ↓ DES0002+0001/DES0002+0001_r4907p01_r.fits.fz
  ↓ DES0002+0001/DES0002+0001_r4907p01_r_nobkg.fits.fz
  ↓ DES0002+0001/DES0002+0001_r4907p01_z.fits.fz
  ↓ DES0002+0001/DES0002+0001_r4907p01_z_nobkg.fits.fz
  ↓ DES0002-0041/DES0002-0041_dr2_flux.fits
  ↓ DES0002-0041/DES0002-0041_dr2_magnitude.fits
  ↓ DES0002-0041/DES0002-0041_dr2_main.fits
  ↓ DES0002-0041/DES0002-0041_r4907p01_Y.fits.fz
  ↓ DES0002-0041/DES0002-0041_r4907p01_Y_nobkg.fits.fz
  ↓ DES0002-0041/DES0002-0041_r4907p01_det.fits.fz
  ↓ DES0002-0041/DES0002-0041_r4907p01_g.fits.fz
  ↓ DES0002-0041/DES0002-0041_r4907p01_g_nobkg.fits.fz
  ↓ DES0002-0041/DES0002-0041_r4907p01_i.fits.fz
  ↓ DES0002-0041/DES0002-0041_r4907p01_i_nobkg.fits.fz
  ↓ DES0002-0041/DES0002-0041_r4907p01_r.fits.fz
  ↓ DES0002-0041/DES0002-0041_r4907p01_r_nobkg.fits.fz
  ↓ DES0002-0041/DES0002-0041_r4907p01_z.fits.fz
  ↓ DES0002-0041/DES0002-0041_r4907p01_z_nobkg.fits.fz
  ↓ DES0002+0043/DES0002+0043_dr2_flux.fits
  ↓ DES0002+0043/DES0002+0043_dr2_magnitude.fits
  ↓ DES0002+0043/DES0002+0043_dr2_main.fits
  ↓ DES0002+0043/DES0002+0043_r4907p01_Y.fits.fz
  ↓ DES0002+0043/DES0002+0043_r4907p01_Y_nobkg.fits.fz
  ↓ DES0002+0043/DES0002+0043_r4907p01_det.fits.fz
  ↓ DES0002+0043/DES0002+0043_r4907p01_g.fits.fz
  ↓ DES0002+0043/DES0002+0043_r4907p01_g_nobkg.fits.fz
  ↓ DES0002+0043/DES0002+0043_r4907p01_i.fits.fz
  ↓ DES0002+0043/DES0002+0043_r4907p01_i_nobkg.fits.fz
  ↓ DES0002+0043/DES0002+0043_r4907p01_r.fits.fz
  ↓ DES0002+0043/DES0002+0043_r4907p01_r_nobkg.fits.fz
  ↓ DES0002+0043/DES0002+0043_r4907p01_z.fits.fz
  ↓ DES0002+0043/DES0002+0043_r4907p01_z_nobkg.fits.fz
  ↓ DES0002-0124/DES0002-0124_dr2_flux.fits
  ↓ DES0002-0124/DES0002-0124_dr2_magnitude.fits
  ↓ DES0002-0124/DES0002-0124_dr2_main.fits
  ↓ DES0002-0124/DES0002-0124_r4907p01_Y.fits.fz
  ↓ DES0002-0124/DES0002-0124_r4907p01_Y_nobkg.fits.fz
  ↓ DES0002-0124/DES0002-0124_r4907p01_det.fits.fz
  ↓ DES0002-0124/DES0002-0124_r4907p01_g.fits.fz
  ↓ DES0002-0124/DES0002-0124_r4907p01_g_nobkg.fits.fz
  ↓ DES0002-0124/DES0002-0124_r4907p01_i.fits.fz
  ↓ DES0002-0124/DES0002-0124_r4907p01_i_nobkg.fits.fz
  ↓ DES0002-0124/DES0002-0124_r4907p01_r.fits.fz
  ↓ DES0002-0124/DES0002-0124_r4907p01_r_nobkg.fits.fz
  ↓ DES0002-0124/DES0002-0124_r4907p01_z.fits.fz
  ↓ DES0002-0124/DES0002-0124_r4907p01_z_nobkg.fits.fz
  ↓ DES0002+0126/DES0002+0126_dr2_flux.fits
  ↓ DES0002+0126/DES0002+0126_dr2_magnitude.fits
  ↓ DES0002+0126/DES0002+0126_dr2_main.fits
  ↓ DES0002+0126/DES0002+0126_r4907p01_Y.fits.fz
  ↓ DES0002+0126/DES0002+0126_r4907p01_Y_nobkg.fits.fz
  ↓ DES0002+0126/DES0002+0126_r4907p01_det.fits.fz
  ↓ DES0002+0126/DES0002+0126_r4907p01_g.fits.fz
  ↓ DES0002+0126/DES0002+0126_r4907p01_g_nobkg.fits.fz
  ↓ DES0002+0126/DES0002+0126_r4907p01_i.fits.fz
  ↓ DES0002+0126/DES0002+0126_r4907p01_i_nobkg.fits.fz
  ↓ DES0002+0126/DES0002+0126_r4907p01_r.fits.fz
  ↓ DES0002+0126/DES0002+0126_r4907p01_r_nobkg.fits.fz
  ↓ DES0002+0126/DES0002+0126_r4907p01_z.fits.fz
  ↓ DES0002+0126/DES0002+0126_r4907p01_z_nobkg.fits.fz
  ↓ DES0002-0207/DES0002-0207_dr2_flux.fits
  ↓ DES0002-0207/DES0002-0207_dr2_magnitude.fits
  ↓ DES0002-0207/DES0002-0207_dr2_main.fits
  ↓ DES0002-0207/DES0002-0207_r4907p01_Y.fits.fz
  ↓ DES0002-0207/DES0002-0207_r4907p01_Y_nobkg.fits.fz
  ↓ DES0002-0207/DES0002-0207_r4907p01_det.fits.fz
  ↓ DES0002-0207/DES0002-0207_r4907p01_g.fits.fz
  ↓ DES0002-0207/DES0002-0207_r4907p01_g_nobkg.fits.fz
  ↓ DES0002-0207/DES0002-0207_r4907p01_i.fits.fz
  ↓ DES0002-0207/DES0002-0207_r4907p01_i_nobkg.fits.fz
  ↓ DES0002-0207/DES0002-0207_r4907p01_r.fits.fz
  ↓ DES0002-0207/DES0002-0207_r4907p01_r_nobkg.fits.fz
  ↓ DES0002-0207/DES0002-0207_r4907p01_z.fits.fz
  ↓ DES0002-0207/DES0002-0207_r4907p01_z_nobkg.fits.fz
  ↓ DES0002+0209/DES0002+0209_dr2_flux.fits
  ↓ DES0002+0209/DES0002+0209_dr2_magnitude.fits
  ↓ DES0002+0209/DES0002+0209_dr2_main.fits
  ↓ DES0002+0209/DES0002+0209_r4907p01_Y.fits.fz
  ↓ DES0002+0209/DES0002+0209_r4907p01_Y_nobkg.fits.fz
  ↓ DES0002+0209/DES0002+0209_r4907p01_det.fits.fz
  ↓ DES0002+0209/DES0002+0209_r4907p01_g.fits.fz
  ↓ DES0002+0209/DES0002+0209_r4907p01_g_nobkg.fits.fz
  ↓ DES0002+0209/DES0002+0209_r4907p01_i.fits.fz
  ↓ DES0002+0209/DES0002+0209_r4907p01_i_nobkg.fits.fz
  ↓ DES0002+0209/DES0002+0209_r4907p01_r.fits.fz
  ↓ DES0002+0209/DES0002+0209_r4907p01_r_nobkg.fits.fz
  ↓ DES0002+0209/DES0002+0209_r4907p01_z.fits.fz
  ↓ DES0002+0209/DES0002+0209_r4907p01_z_nobkg.fits.fz
  ↓ DES0002-3332/DES0002-3332_dr2_flux.fits
  ↓ DES0002-3332/DES0002-3332_dr2_magnitude.fits
  ↓ DES0002-3332/DES0002-3332_dr2_main.fits
  ↓ DES0002-3332/DES0002-3332_r4907p01_Y.fits.fz
  ↓ DES0002-3332/DES0002-3332_r4907p01_Y_nobkg.fits.fz
  ↓ DES0002-3332/DES0002-3332_r4907p01_det.fits.fz
  ↓ DES0002-3332/DES0002-3332_r4907p01_g.fits.fz
  ↓ DES0002-3332/DES0002-3332_r4907p01_g_nobkg.fits.fz
  ↓ DES0002-3332/DES0002-3332_r4907p01_i.fits.fz
  ↓ DES0002-3332/DES0002-3332_r4907p01_i_nobkg.fits.fz
  ↓ DES0002-3332/DES0002-3332_r4907p01_r.fits.fz
  ↓ DES0002-3332/DES0002-3332_r4907p01_r_nobkg.fits.fz
  ↓ DES0002-3332/DES0002-3332_r4907p01_z.fits.fz
  ↓ DES0002-3332/DES0002-3332_r4907p01_z_nobkg.fits.fz
  ↓ DES0002-3415/DES0002-3415_dr2_flux.fits
  ↓ DES0002-3415/DES0002-3415_dr2_magnitude.fits
  ↓ DES0002-3415/DES0002-3415_dr2_main.fits
  ↓ DES0002-3415/DES0002-3415_r4907p01_Y.fits.fz
  ↓ DES0002-3415/DES0002-3415_r4907p01_Y_nobkg.fits.fz
  ↓ DES0002-3415/DES0002-3415_r4907p01_det.fits.fz
  ↓ DES0002-3415/DES0002-3415_r4907p01_g.fits.fz
  ↓ DES0002-3415/DES0002-3415_r4907p01_g_nobkg.fits.fz
  ↓ DES0002-3415/DES0002-3415_r4907p01_i.fits.fz
  ↓ DES0002-3415/DES0002-3415_r4907p01_i_nobkg.fits.fz
  ↓ DES0002-3415/DES0002-3415_r4907p01_r.fits.fz
  ↓ DES0002-3415/DES0002-3415_r4907p01_r_nobkg.fits.fz
  ↓ DES0002-3415/DES0002-3415_r4907p01_z.fits.fz
  ↓ DES0002-3415/DES0002-3415_r4907p01_z_nobkg.fits.fz
  ↓ DES0002-3914/DES0002-3914_dr2_flux.fits
  ↓ DES0002-3914/DES0002-3914_dr2_magnitude.fits
  ↓ DES0002-3914/DES0002-3914_dr2_main.fits
  ↓ DES0002-3914/DES0002-3914_r4907p01_Y.fits.fz
  ↓ DES0002-3914/DES0002-3914_r4907p01_Y_nobkg.fits.fz
  ↓ DES0002-3914/DES0002-3914_r4907p01_det.fits.fz
  ↓ DES0002-3914/DES0002-3914_r4907p01_g.fits.fz
  ↓ DES0002-3914/DES0002-3914_r4907p01_g_nobkg.fits.fz
  ↓ DES0002-3914/DES0002-3914_r4907p01_i.fits.fz
  ↓ DES0002-3914/DES0002-3914_r4907p01_i_nobkg.fits.fz
  ↓ DES0002-3914/DES0002-3914_r4907p01_r.fits.fz
  ↓ DES0002-3914/DES0002-3914_r4907p01_r_nobkg.fits.fz
  ↓ DES0002-3914/DES0002-3914_r4907p01_z.fits.fz
  ↓ DES0002-3914/DES0002-3914_r4907p01_z_nobkg.fits.fz
  ↓ DES0002-3957/DES0002-3957_dr2_flux.fits
  ↓ DES0002-3957/DES0002-3957_dr2_magnitude.fits
  ↓ DES0002-3957/DES0002-3957_dr2_main.fits
  ↓ DES0002-3957/DES0002-3957_r4907p01_Y.fits.fz
  ↓ DES0002-3957/DES0002-3957_r4907p01_Y_nobkg.fits.fz
  ↓ DES0002-3957/DES0002-3957_r4907p01_det.fits.fz
  ↓ DES0002-3957/DES0002-3957_r4907p01_g.fits.fz
  ↓ DES0002-3957/DES0002-3957_r4907p01_g_nobkg.fits.fz
  ↓ DES0002-3957/DES0002-3957_r4907p01_i.fits.fz
  ↓ DES0002-3957/DES0002-3957_r4907p01_i_nobkg.fits.fz
  ↓ DES0002-3957/DES0002-3957_r4907p01_r.fits.fz
  ↓ DES0002-3957/DES0002-3957_r4907p01_r_nobkg.fits.fz
  ↓ DES0002-3957/DES0002-3957_r4907p01_z.fits.fz
  ↓ DES0002-3957/DES0002-3957_r4907p01_z_nobkg.fits.fz
  ↓ DES0002-4040/DES0002-4040_dr2_flux.fits
  ↓ DES0002-4040/DES0002-4040_dr2_magnitude.fits
  ↓ DES0002-4040/DES0002-4040_dr2_main.fits
  ↓ DES0002-4040/DES0002-4040_r4907p01_Y.fits.fz
  ↓ DES0002-4040/DES0002-4040_r4907p01_Y_nobkg.fits.fz
  ↓ DES0002-4040/DES0002-4040_r4907p01_det.fits.fz
  ↓ DES0002-4040/DES0002-4040_r4907p01_g.fits.fz
  ↓ DES0002-4040/DES0002-4040_r4907p01_g_nobkg.fits.fz
  ↓ DES0002-4040/DES0002-4040_r4907p01_i.fits.fz
  ↓ DES0002-4040/DES0002-4040_r4907p01_i_nobkg.fits.fz
  ↓ DES0002-4040/DES0002-4040_r4907p01_r.fits.fz
  ↓ DES0002-4040/DES0002-4040_r4907p01_r_nobkg.fits.fz
  ↓ DES0002-4040/DES0002-4040_r4907p01_z.fits.fz
  ↓ DES0002-4040/DES0002-4040_r4907p01_z_nobkg.fits.fz
  ↓ DES0002-4123/DES0002-4123_dr2_flux.fits
  ↓ DES0002-4123/DES0002-4123_dr2_magnitude.fits
  ↓ DES0002-4123/DES0002-4123_dr2_main.fits
  ↓ DES0002-4123/DES0002-4123_r4907p01_Y.fits.fz
  ↓ DES0002-4123/DES0002-4123_r4907p01_Y_nobkg.fits.fz
  ↓ DES0002-4123/DES0002-4123_r4907p01_det.fits.fz
  ↓ DES0002-4123/DES0002-4123_r4907p01_g.fits.fz
  ↓ DES0002-4123/DES0002-4123_r4907p01_g_nobkg.fits.fz
  ↓ DES0002-4123/DES0002-4123_r4907p01_i.fits.fz
  ↓ DES0002-4123/DES0002-4123_r4907p01_i_nobkg.fits.fz
  ↓ DES0002-4123/DES0002-4123_r4907p01_r.fits.fz
  ↓ DES0002-4123/DES0002-4123_r4907p01_r_nobkg.fits.fz
  ↓ DES0002-4123/DES0002-4123_r4907p01_z.fits.fz
  ↓ DES0002-4123/DES0002-4123_r4907p01_z_nobkg.fits.fz
  ↓ DES0002-4206/DES0002-4206_dr2_flux.fits
  ↓ DES0002-4206/DES0002-4206_dr2_magnitude.fits
  ↓ DES0002-4206/DES0002-4206_dr2_main.fits
  ↓ DES0002-4206/DES0002-4206_r4907p01_Y.fits.fz
  ↓ DES0002-4206/DES0002-4206_r4907p01_Y_nobkg.fits.fz
  ↓ DES0002-4206/DES0002-4206_r4907p01_det.fits.fz
  ↓ DES0002-4206/DES0002-4206_r4907p01_g.fits.fz
  ↓ DES0002-4206/DES0002-4206_r4907p01_g_nobkg.fits.fz
  ↓ DES0002-4206/DES0002-4206_r4907p01_i.fits.fz
  ↓ DES0002-4206/DES0002-4206_r4907p01_i_nobkg.fits.fz
  ↓ DES0002-4206/DES0002-4206_r4907p01_r.fits.fz
  ↓ DES0002-4206/DES0002-4206_r4907p01_r_nobkg.fits.fz
  ↓ DES0002-4206/DES0002-4206_r4907p01_z.fits.fz
  ↓ DES0002-4206/DES0002-4206_r4907p01_z_nobkg.fits.fz
  ↓ DES0002-4249/DES0002-4249_dr2_flux.fits
  ↓ DES0002-4249/DES0002-4249_dr2_magnitude.fits
  ↓ DES0002-4249/DES0002-4249_dr2_main.fits
  ↓ DES0002-4249/DES0002-4249_r4907p01_Y.fits.fz
  ↓ DES0002-4249/DES0002-4249_r4907p01_Y_nobkg.fits.fz
  ↓ DES0002-4249/DES0002-4249_r4907p01_det.fits.fz
  ↓ DES0002-4249/DES0002-4249_r4907p01_g.fits.fz
  ↓ Downloading: DES0002-4249/DES0002-4249_r4907p01_g.fits.fz
./curlScraper_DESDR2.sh: line 37: syntax error near unexpected token `done'
./curlScraper_DESDR2.sh: line 37: `done < fits_urls.txt'
